0 info it worked if it ends with ok
1 verbose cli [
1 verbose cli   'C:\\Program Files\\nodejs\\node.exe',
1 verbose cli   'C:\\Users\\natno\\node_modules\\npm\\bin\\npm-cli.js',
1 verbose cli   'run',
1 verbose cli   'cypress:run'
1 verbose cli ]
2 info using npm@2.15.12
3 info using node@v20.11.0
4 verbose run-script [ 'precypress:run', 'cypress:run', 'postcypress:run' ]
5 info precypress:run css-frameworks-ca@1.0.0
6 info cypress:run css-frameworks-ca@1.0.0
7 verbose unsafe-perm in lifecycle true
8 info css-frameworks-ca@1.0.0 Failed to exec cypress:run script
9 verbose stack Error: css-frameworks-ca@1.0.0 cypress:run: `cypress run`
9 verbose stack Exit status 2
9 verbose stack     at EventEmitter.<anonymous> (C:\Users\natno\node_modules\npm\lib\utils\lifecycle.js:217:16)
9 verbose stack     at EventEmitter.emit (node:events:518:28)
9 verbose stack     at ChildProcess.<anonymous> (C:\Users\natno\node_modules\npm\lib\utils\spawn.js:24:14)
9 verbose stack     at ChildProcess.emit (node:events:518:28)
9 verbose stack     at maybeClose (node:internal/child_process:1105:16)
9 verbose stack     at ChildProcess._handle.onexit (node:internal/child_process:305:5)
10 verbose pkgid css-frameworks-ca@1.0.0
11 verbose cwd C:\Users\natno\OneDrive\เดสก์ท็อป\Scoool Project\social-media-client
12 error Windows_NT 10.0.22631
13 error argv "C:\\Program Files\\nodejs\\node.exe" "C:\\Users\\natno\\node_modules\\npm\\bin\\npm-cli.js" "run" "cypress:run"
14 error node v20.11.0
15 error npm  v2.15.12
16 error code ELIFECYCLE
17 error css-frameworks-ca@1.0.0 cypress:run: `cypress run`
17 error Exit status 2
18 error Failed at the css-frameworks-ca@1.0.0 cypress:run script 'cypress run'.
18 error This is most likely a problem with the css-frameworks-ca package,
18 error not with npm itself.
18 error Tell the author that this fails on your system:
18 error     cypress run
18 error You can get information on how to open an issue for this project with:
18 error     npm bugs css-frameworks-ca
18 error Or if that isn't available, you can get their info via:
18 error
18 error     npm owner ls css-frameworks-ca
18 error There is likely additional logging output above.
19 verbose exit [ 1, true ]
